[2026-05-10T12:55:33.288Z] GET http://localhost:8767/index.html → 200 (1ms, 21164B)
[2026-05-10T12:55:33.292Z] GET https://fonts.googleapis.com/css2?family=Inter:wght@400;500;600;700&family=Source+Serif+Pro:ital,wght@0,400;0,600;1,400&family=JetBrains+Mono:wght@400;500;600&display=swap → pending (?ms, ?B)
[2026-05-10T12:55:33.292Z] GET http://localhost:8767/css/site.css → 200 (2ms, 16146B)
[2026-05-10T12:55:33.292Z] GET http://localhost:8767/css/widget.css → 200 (2ms, 7707B)
[2026-05-10T12:55:33.292Z] GET https://cdn.jsdelivr.net/npm/mathjax@3/es5/tex-svg.js → pending (?ms, ?B)
[2026-05-10T12:55:33.292Z] GET http://localhost:8767/assets/fig_intro_e2e_nanogpt.png → 200 (2ms, 93110B)
[2026-05-10T12:55:33.292Z] GET http://localhost:8767/assets/fig_intro_e2e_llama350m.png → 200 (2ms, 95762B)
[2026-05-10T12:55:33.292Z] GET http://localhost:8767/assets/fig_filtering_frozen_spectrum.png → 200 (3ms, 172098B)
[2026-05-10T12:55:33.292Z] GET http://localhost:8767/assets/fig_filtering_frozen_ratio.png → 200 (2ms, 177595B)
[2026-05-10T12:55:33.292Z] GET http://localhost:8767/assets/fig_direction_frozen.png → 200 (4ms, 260382B)
[2026-05-10T12:55:33.293Z] GET http://localhost:8767/assets/fig_online_direction.png → pending (?ms, ?B)
[2026-05-10T12:55:33.293Z] GET http://localhost:8767/assets/fig_ordering_frozen_beta.png → pending (?ms, ?B)
[2026-05-10T12:55:33.293Z] GET http://localhost:8767/assets/fig_ordering_frozen_checkpoints_full.png → pending (?ms, ?B)
[2026-05-10T12:55:33.293Z] GET http://localhost:8767/assets/fig_online_ordering_beta.png → pending (?ms, ?B)
[2026-05-10T12:55:33.293Z] GET http://localhost:8767/assets/fig_online_ordering_history.png → pending (?ms, ?B)
[2026-05-10T12:55:33.293Z] GET http://localhost:8767/js/widget.js → 200 (3ms, 49170B)
[2026-05-10T12:55:33.414Z] GET https://fonts.gstatic.com/s/inter/v20/UcC73FwrK3iLTeHuS_nVMrMxCp50SjIa1ZL7W0Q5nw.woff2 → 200 (116ms, 48432B)
[2026-05-10T12:55:33.414Z] GET https://fonts.gstatic.com/s/sourceserifpro/v18/neIXzD-0qpwxpaWvjeD0X88SAOeasasatSyqxKcsdrM.woff2 → 200 (116ms, 21576B)
[2026-05-10T12:55:33.414Z] GET https://fonts.gstatic.com/s/sourceserifpro/v18/neIWzD-0qpwxpaWvjeD0X88SAOeauXEOoguP648mfg.woff2 → 200 (116ms, 20256B)
[2026-05-10T12:55:33.414Z] GET https://fonts.gstatic.com/s/jetbrainsmono/v24/tDbv2o-flEEny0FZhsfKu5WU4zr3E_BX0PnT8RD8yKwBNntkaToggR7BYRbKPxDcwgknk-4.woff2 → 200 (116ms, 31340B)
[2026-05-10T12:55:33.415Z] GET https://fonts.gstatic.com/s/sourceserifpro/v18/neIQzD-0qpwxpaWvjeD0X88SAOeauXQ-oAGIyY0.woff2 → 200 (115ms, 20500B)
[2026-05-10T12:55:33.415Z] GET https://fonts.gstatic.com/s/sourceserifpro/v18/neIXzD-0qpwxpaWvjeD0X88SAOeasasatS-qxKcsdrOPbQ.woff2 → 200 (116ms, 7488B)
[2026-05-10T12:55:33.415Z] GET https://fonts.gstatic.com/s/inter/v20/UcC73FwrK3iLTeHuS_nVMrMxCp50SjIa1pL7W0Q5n-wU.woff2 → 200 (116ms, 19044B)
[2026-05-10T12:55:33.415Z] GET https://fonts.gstatic.com/s/sourceserifpro/v18/neIQzD-0qpwxpaWvjeD0X88SAOeauXc-oAGIyY0Wfw.woff2 → 200 (116ms, 7316B)
[2026-05-10T12:55:33.417Z] GET http://localhost:8767/data/grid.json → 200 (?ms, 3405630B)
[2026-05-10T12:55:33.417Z] GET http://localhost:8767/data/proj.json → 200 (?ms, 137800B)
[2026-05-10T12:55:33.439Z] GET https://fonts.gstatic.com/s/jetbrainsmono/v24/tDbv2o-flEEny0FZhsfKu5WU4zr3E_BX0PnT8RD8yKwBNntkaToggR7BYRbKPxPcwgknk-6nFg.woff2 → 200 (92ms, 6800B)
[2026-05-10T13:02:16.899Z] GET http://localhost:8767/index.html → 200 (2ms, 20734B)
[2026-05-10T13:02:16.905Z] GET https://fonts.googleapis.com/css2?family=Inter:wght@400;500;600;700&family=Source+Serif+Pro:ital,wght@0,400;0,600;1,400&family=JetBrains+Mono:wght@400;500;600&display=swap → 200 (?ms, 24669B)
[2026-05-10T13:02:16.905Z] GET http://localhost:8767/css/site.css → 200 (?ms, 16146B)
[2026-05-10T13:02:16.906Z] GET http://localhost:8767/css/widget.css → 304 (2ms, ?B)
[2026-05-10T13:02:16.906Z] GET https://cdn.jsdelivr.net/npm/mathjax@3/es5/tex-svg.js → 200 (?ms, 2108580B)
[2026-05-10T13:02:16.906Z] GET http://localhost:8767/assets/fig_intro_e2e_nanogpt.png → 200 (?ms, 93110B)
[2026-05-10T13:02:16.906Z] GET http://localhost:8767/assets/fig_intro_e2e_llama350m.png → 200 (?ms, 95762B)
[2026-05-10T13:02:16.906Z] GET http://localhost:8767/assets/fig_filtering_frozen_spectrum.png → 200 (1ms, 172098B)
[2026-05-10T13:02:16.907Z] GET http://localhost:8767/assets/fig_filtering_frozen_ratio.png → 200 (?ms, 177595B)
[2026-05-10T13:02:16.907Z] GET http://localhost:8767/assets/fig_direction_frozen.png → 200 (?ms, 260382B)
[2026-05-10T13:02:16.908Z] GET http://localhost:8767/assets/fig_online_direction.png → 200 (?ms, 312804B)
[2026-05-10T13:02:16.908Z] GET http://localhost:8767/assets/fig_ordering_frozen_beta.png → 200 (?ms, 87607B)
[2026-05-10T13:02:16.908Z] GET http://localhost:8767/assets/fig_ordering_frozen_checkpoints_full.png → 200 (?ms, 97946B)
[2026-05-10T13:02:16.908Z] GET http://localhost:8767/assets/fig_online_ordering_beta.png → 200 (?ms, 86652B)
[2026-05-10T13:02:16.908Z] GET http://localhost:8767/assets/fig_online_ordering_history.png → 200 (?ms, 102029B)
[2026-05-10T13:02:16.908Z] GET http://localhost:8767/js/widget.js → 304 (1ms, ?B)
[2026-05-10T13:02:16.909Z] GET http://localhost:8767/data/grid.json → 200 (2ms, 3405630B)
[2026-05-10T13:02:16.909Z] GET http://localhost:8767/data/proj.json → 200 (2ms, 137800B)
[2026-05-10T13:02:16.909Z] GET https://fonts.gstatic.com/s/inter/v20/UcC73FwrK3iLTeHuS_nVMrMxCp50SjIa1pL7W0Q5n-wU.woff2 → 200 (?ms, ?B)
[2026-05-10T13:02:16.909Z] GET https://fonts.gstatic.com/s/inter/v20/UcC73FwrK3iLTeHuS_nVMrMxCp50SjIa1ZL7W0Q5nw.woff2 → 200 (?ms, ?B)
[2026-05-10T13:02:16.909Z] GET https://fonts.gstatic.com/s/jetbrainsmono/v24/tDbv2o-flEEny0FZhsfKu5WU4zr3E_BX0PnT8RD8yKwBNntkaToggR7BYRbKPxPcwgknk-6nFg.woff2 → 200 (?ms, ?B)
[2026-05-10T13:02:16.910Z] GET https://fonts.gstatic.com/s/jetbrainsmono/v24/tDbv2o-flEEny0FZhsfKu5WU4zr3E_BX0PnT8RD8yKwBNntkaToggR7BYRbKPxDcwgknk-4.woff2 → 200 (?ms, ?B)
[2026-05-10T13:02:16.910Z] GET https://fonts.gstatic.com/s/sourceserifpro/v18/neIWzD-0qpwxpaWvjeD0X88SAOeauXEOoguP648mfg.woff2 → 200 (?ms, ?B)
[2026-05-10T13:02:16.911Z] GET https://fonts.gstatic.com/s/sourceserifpro/v18/neIQzD-0qpwxpaWvjeD0X88SAOeauXc-oAGIyY0Wfw.woff2 → 200 (?ms, ?B)
[2026-05-10T13:02:16.911Z] GET https://fonts.gstatic.com/s/sourceserifpro/v18/neIQzD-0qpwxpaWvjeD0X88SAOeauXQ-oAGIyY0.woff2 → 200 (?ms, ?B)
[2026-05-10T13:02:16.911Z] GET https://fonts.gstatic.com/s/sourceserifpro/v18/neIXzD-0qpwxpaWvjeD0X88SAOeasasatS-qxKcsdrOPbQ.woff2 → 200 (?ms, ?B)
[2026-05-10T13:02:16.911Z] GET https://fonts.gstatic.com/s/sourceserifpro/v18/neIXzD-0qpwxpaWvjeD0X88SAOeasasatSyqxKcsdrM.woff2 → 200 (?ms, ?B)
